<?xml version="1.1" encoding="UTF-8"?>
<testsuite name="junit.test.neuronrobotics.cartesian.CartesianTestSuit" tests="1" failures="1" errors="0" timestamp="1970-01-01T00:00:00" hostname="zoomtop" time="1.444145173547E9">
  <properties/>
  <testcase name="test" classname="junit.test.neuronrobotics.cartesian.CartesianTestSuit" time="7.244">
    <failure message="java.lang.RuntimeException: java.lang.NullPointerException" type="java.lang.RuntimeException">java.lang.RuntimeException: java.lang.NullPointerException
	at com.neuronrobotics.sdk.common.BowlerAbstractConnection.getNamespaces(BowlerAbstractConnection.java:784)
	at com.neuronrobotics.sdk.common.BowlerAbstractConnection.send(BowlerAbstractConnection.java:676)
	at com.neuronrobotics.sdk.common.BowlerAbstractDevice.send(BowlerAbstractDevice.java:257)
	at com.neuronrobotics.replicator.driver.BowlerBoardDevice.requestLinkConfiguration(BowlerBoardDevice.java:150)
	at com.neuronrobotics.sdk.addons.kinematics.LinkFactory.&lt;init&gt;(LinkFactory.java:36)
	at com.neuronrobotics.sdk.addons.kinematics.CartesianNamespacePidKinematics.&lt;init&gt;(CartesianNamespacePidKinematics.java:15)
	at com.neuronrobotics.replicator.driver.NRPrinter.&lt;init&gt;(NRPrinter.java:33)
	at junit.test.neuronrobotics.cartesian.CartesianTestSuit.test(CartesianTestSuit.java:32)
	at sun.reflect.NativeMethodAccessorImpl.invoke0(Native Method)
	at sun.reflect.NativeMethodAccessorImpl.invoke(NativeMethodAccessorImpl.java:62)
	at sun.reflect.DelegatingMethodAccessorImpl.invoke(DelegatingMethodAccessorImpl.java:43)
	at java.lang.reflect.Method.invoke(Method.java:497)
	at org.junit.runners.model.FrameworkMethod$1.runReflectiveCall(FrameworkMethod.java:47)
	at org.junit.internal.runners.model.ReflectiveCallable.run(ReflectiveCallable.java:12)
	at org.junit.runners.model.FrameworkMethod.invokeExplosively(FrameworkMethod.java:44)
	at org.junit.internal.runners.statements.InvokeMethod.evaluate(InvokeMethod.java:17)
	at org.junit.runners.ParentRunner.runLeaf(ParentRunner.java:271)
	at org.junit.runners.BlockJUnit4ClassRunner.runChild(BlockJUnit4ClassRunner.java:70)
	at org.junit.runners.BlockJUnit4ClassRunner.runChild(BlockJUnit4ClassRunner.java:50)
	at org.junit.runners.ParentRunner$3.run(ParentRunner.java:238)
	at org.junit.runners.ParentRunner$1.schedule(ParentRunner.java:63)
	at org.junit.runners.ParentRunner.runChildren(ParentRunner.java:236)
	at org.junit.runners.ParentRunner.access$000(ParentRunner.java:53)
	at org.junit.runners.ParentRunner$2.evaluate(ParentRunner.java:229)
	at org.junit.runners.ParentRunner.run(ParentRunner.java:309)
	at org.gradle.api.internal.tasks.testing.junit.JUnitTestClassExecuter.runTestClass(JUnitTestClassExecuter.java:55)
	at org.gradle.api.internal.tasks.testing.junit.JUnitTestClassExecuter.execute(JUnitTestClassExecuter.java:42)
	at org.gradle.api.internal.tasks.testing.junit.JUnitTestClassProcessor.processTestClass(JUnitTestClassProcessor.java:71)
	at org.gradle.api.internal.tasks.testing.SuiteTestClassProcessor.processTestClass(SuiteTestClassProcessor.java:49)
	at sun.reflect.NativeMethodAccessorImpl.invoke0(Native Method)
	at sun.reflect.NativeMethodAccessorImpl.invoke(NativeMethodAccessorImpl.java:62)
	at sun.reflect.DelegatingMethodAccessorImpl.invoke(DelegatingMethodAccessorImpl.java:43)
	at java.lang.reflect.Method.invoke(Method.java:497)
	at org.gradle.messaging.dispatch.ReflectionDispatch.dispatch(ReflectionDispatch.java:35)
	at org.gradle.messaging.dispatch.ReflectionDispatch.dispatch(ReflectionDispatch.java:24)
	at org.gradle.messaging.dispatch.ContextClassLoaderDispatch.dispatch(ContextClassLoaderDispatch.java:32)
	at org.gradle.messaging.dispatch.ProxyDispatchAdapter$DispatchingInvocationHandler.invoke(ProxyDispatchAdapter.java:93)
	at com.sun.proxy.$Proxy2.processTestClass(Unknown Source)
	at org.gradle.api.internal.tasks.testing.worker.TestWorker.processTestClass(TestWorker.java:103)
	at sun.reflect.NativeMethodAccessorImpl.invoke0(Native Method)
	at sun.reflect.NativeMethodAccessorImpl.invoke(NativeMethodAccessorImpl.java:62)
	at sun.reflect.DelegatingMethodAccessorImpl.invoke(DelegatingMethodAccessorImpl.java:43)
	at java.lang.reflect.Method.invoke(Method.java:497)
	at org.gradle.messaging.dispatch.ReflectionDispatch.dispatch(ReflectionDispatch.java:35)
	at org.gradle.messaging.dispatch.ReflectionDispatch.dispatch(ReflectionDispatch.java:24)
	at org.gradle.messaging.remote.internal.hub.MessageHub$Handler.run(MessageHub.java:355)
	at org.gradle.internal.concurrent.DefaultExecutorFactory$StoppableExecutorImpl$1.run(DefaultExecutorFactory.java:66)
	at java.util.concurrent.ThreadPoolExecutor.runWorker(ThreadPoolExecutor.java:1142)
	at java.util.concurrent.ThreadPoolExecutor$Worker.run(ThreadPoolExecutor.java:617)
	at java.lang.Thread.run(Thread.java:745)
Caused by: java.lang.NullPointerException
	at com.neuronrobotics.sdk.common.BowlerAbstractConnection.getNamespaces(BowlerAbstractConnection.java:724)
	... 49 more
</failure>
  </testcase>
  <system-out><![CDATA[Connection ok
]]></system-out>
  <system-err><![CDATA[				[2015/10/06 11:26:06:331]  Warning com.neuronrobotics.sdk.common.Log:warning :
Setting the synchronus packet timeout to 1000
				[2015/10/06 11:26:06:334]  Warning com.neuronrobotics.sdk.common.BowlerAbstractConnection:setSynchronusPacketTimeoutTime :
Setting the synchronus packet timeout to 2000
Failed to connect on port: /dev/BowlerDevice0 exception: 
gnu.io.NoSuchPortException
	at gnu.io.CommPortIdentifier.getPortIdentifier(CommPortIdentifier.java:273)
	at gnu.io.NRSerialPort.connect(NRSerialPort.java:48)
	at com.neuronrobotics.sdk.serial.SerialConnection.connect(SerialConnection.java:152)
	at com.neuronrobotics.sdk.common.BowlerAbstractDevice.connect(BowlerAbstractDevice.java:156)
	at com.neuronrobotics.sdk.pid.GenericPIDDevice.connect(GenericPIDDevice.java:42)
	at com.neuronrobotics.replicator.driver.BowlerBoardDevice.connect(BowlerBoardDevice.java:40)
	at junit.test.neuronrobotics.cartesian.CartesianTestSuit.test(CartesianTestSuit.java:24)
	at sun.reflect.NativeMethodAccessorImpl.invoke0(Native Method)
	at sun.reflect.NativeMethodAccessorImpl.invoke(NativeMethodAccessorImpl.java:62)
	at sun.reflect.DelegatingMethodAccessorImpl.invoke(DelegatingMethodAccessorImpl.java:43)
	at java.lang.reflect.Method.invoke(Method.java:497)
	at org.junit.runners.model.FrameworkMethod$1.runReflectiveCall(FrameworkMethod.java:47)
	at org.junit.internal.runners.model.ReflectiveCallable.run(ReflectiveCallable.java:12)
	at org.junit.runners.model.FrameworkMethod.invokeExplosively(FrameworkMethod.java:44)
	at org.junit.internal.runners.statements.InvokeMethod.evaluate(InvokeMethod.java:17)
	at org.junit.runners.ParentRunner.runLeaf(ParentRunner.java:271)
	at org.junit.runners.BlockJUnit4ClassRunner.runChild(BlockJUnit4ClassRunner.java:70)
	at org.junit.runners.BlockJUnit4ClassRunner.runChild(BlockJUnit4ClassRunner.java:50)
	at org.junit.runners.ParentRunner$3.run(ParentRunner.java:238)
	at org.junit.runners.ParentRunner$1.schedule(ParentRunner.java:63)
	at org.junit.runners.ParentRunner.runChildren(ParentRunner.java:236)
	at org.junit.runners.ParentRunner.access$000(ParentRunner.java:53)
	at org.junit.runners.ParentRunner$2.evaluate(ParentRunner.java:229)
	at org.junit.runners.ParentRunner.run(ParentRunner.java:309)
	at org.gradle.api.internal.tasks.testing.junit.JUnitTestClassExecuter.runTestClass(JUnitTestClassExecuter.java:55)
	at org.gradle.api.internal.tasks.testing.junit.JUnitTestClassExecuter.execute(JUnitTestClassExecuter.java:42)
	at org.gradle.api.internal.tasks.testing.junit.JUnitTestClassProcessor.processTestClass(JUnitTestClassProcessor.java:71)
	at org.gradle.api.internal.tasks.testing.SuiteTestClassProcessor.processTestClass(SuiteTestClassProcessor.java:49)
	at sun.reflect.NativeMethodAccessorImpl.invoke0(Native Method)
	at sun.reflect.NativeMethodAccessorImpl.invoke(NativeMethodAccessorImpl.java:62)
	at sun.reflect.DelegatingMethodAccessorImpl.invoke(DelegatingMethodAccessorImpl.java:43)
	at java.lang.reflect.Method.invoke(Method.java:497)
	at org.gradle.messaging.dispatch.ReflectionDispatch.dispatch(ReflectionDispatch.java:35)
	at org.gradle.messaging.dispatch.ReflectionDispatch.dispatch(ReflectionDispatch.java:24)
	at org.gradle.messaging.dispatch.ContextClassLoaderDispatch.dispatch(ContextClassLoaderDispatch.java:32)
	at org.gradle.messaging.dispatch.ProxyDispatchAdapter$DispatchingInvocationHandler.invoke(ProxyDispatchAdapter.java:93)
	at com.sun.proxy.$Proxy2.processTestClass(Unknown Source)
	at org.gradle.api.internal.tasks.testing.worker.TestWorker.processTestClass(TestWorker.java:103)
	at sun.reflect.NativeMethodAccessorImpl.invoke0(Native Method)
	at sun.reflect.NativeMethodAccessorImpl.invoke(NativeMethodAccessorImpl.java:62)
	at sun.reflect.DelegatingMethodAccessorImpl.invoke(DelegatingMethodAccessorImpl.java:43)
	at java.lang.reflect.Method.invoke(Method.java:497)
	at org.gradle.messaging.dispatch.ReflectionDispatch.dispatch(ReflectionDispatch.java:35)
	at org.gradle.messaging.dispatch.ReflectionDispatch.dispatch(ReflectionDispatch.java:24)
	at org.gradle.messaging.remote.internal.hub.MessageHub$Handler.run(MessageHub.java:355)
	at org.gradle.internal.concurrent.DefaultExecutorFactory$StoppableExecutorImpl$1.run(DefaultExecutorFactory.java:66)
	at java.util.concurrent.ThreadPoolExecutor.runWorker(ThreadPoolExecutor.java:1142)
	at java.util.concurrent.ThreadPoolExecutor$Worker.run(ThreadPoolExecutor.java:617)
	at java.lang.Thread.run(Thread.java:745)
				[2015/10/06 11:26:06:369]  Error com.neuronrobotics.sdk.serial.SerialConnection:connect :
Failed to connect on port: /dev/BowlerDevice0 exception: 
java.lang.NullPointerException
	at gnu.io.NRSerialPort.getInputStream(NRSerialPort.java:80)
	at com.neuronrobotics.sdk.serial.SerialConnection.connect(SerialConnection.java:153)
	at com.neuronrobotics.sdk.common.BowlerAbstractDevice.connect(BowlerAbstractDevice.java:156)
	at com.neuronrobotics.sdk.pid.GenericPIDDevice.connect(GenericPIDDevice.java:42)
	at com.neuronrobotics.replicator.driver.BowlerBoardDevice.connect(BowlerBoardDevice.java:40)
	at junit.test.neuronrobotics.cartesian.CartesianTestSuit.test(CartesianTestSuit.java:24)
	at sun.reflect.NativeMethodAccessorImpl.invoke0(Native Method)
	at sun.reflect.NativeMethodAccessorImpl.invoke(NativeMethodAccessorImpl.java:62)
	at sun.reflect.DelegatingMethodAccessorImpl.invoke(DelegatingMethodAccessorImpl.java:43)
	at java.lang.reflect.Method.invoke(Method.java:497)
	at org.junit.runners.model.FrameworkMethod$1.runReflectiveCall(FrameworkMethod.java:47)
	at org.junit.internal.runners.model.ReflectiveCallable.run(ReflectiveCallable.java:12)
	at org.junit.runners.model.FrameworkMethod.invokeExplosively(FrameworkMethod.java:44)
	at org.junit.internal.runners.statements.InvokeMethod.evaluate(InvokeMethod.java:17)
	at org.junit.runners.ParentRunner.runLeaf(ParentRunner.java:271)
	at org.junit.runners.BlockJUnit4ClassRunner.runChild(BlockJUnit4ClassRunner.java:70)
	at org.junit.runners.BlockJUnit4ClassRunner.runChild(BlockJUnit4ClassRunner.java:50)
	at org.junit.runners.ParentRunner$3.run(ParentRunner.java:238)
	at org.junit.runners.ParentRunner$1.schedule(ParentRunner.java:63)
	at org.junit.runners.ParentRunner.runChildren(ParentRunner.java:236)
	at org.junit.runners.ParentRunner.access$000(ParentRunner.java:53)
	at org.junit.runners.ParentRunner$2.evaluate(ParentRunner.java:229)
	at org.junit.runners.ParentRunner.run(ParentRunner.java:309)
	at org.gradle.api.internal.tasks.testing.junit.JUnitTestClassExecuter.runTestClass(JUnitTestClassExecuter.java:55)
	at org.gradle.api.internal.tasks.testing.junit.JUnitTestClassExecuter.execute(JUnitTestClassExecuter.java:42)
	at org.gradle.api.internal.tasks.testing.junit.JUnitTestClassProcessor.processTestClass(JUnitTestClassProcessor.java:71)
	at org.gradle.api.internal.tasks.testing.SuiteTestClassProcessor.processTestClass(SuiteTestClassProcessor.java:49)
	at sun.reflect.NativeMethodAccessorImpl.invoke0(Native Method)
	at sun.reflect.NativeMethodAccessorImpl.invoke(NativeMethodAccessorImpl.java:62)
	at sun.reflect.DelegatingMethodAccessorImpl.invoke(DelegatingMethodAccessorImpl.java:43)
	at java.lang.reflect.Method.invoke(Method.java:497)
	at org.gradle.messaging.dispatch.ReflectionDispatch.dispatch(ReflectionDispatch.java:35)
	at org.gradle.messaging.dispatch.ReflectionDispatch.dispatch(ReflectionDispatch.java:24)
	at org.gradle.messaging.dispatch.ContextClassLoaderDispatch.dispatch(ContextClassLoaderDispatch.java:32)
	at org.gradle.messaging.dispatch.ProxyDispatchAdapter$DispatchingInvocationHandler.invoke(ProxyDispatchAdapter.java:93)
	at com.sun.proxy.$Proxy2.processTestClass(Unknown Source)
	at org.gradle.api.internal.tasks.testing.worker.TestWorker.processTestClass(TestWorker.java:103)
	at sun.reflect.NativeMethodAccessorImpl.invoke0(Native Method)
	at sun.reflect.NativeMethodAccessorImpl.invoke(NativeMethodAccessorImpl.java:62)
	at sun.reflect.DelegatingMethodAccessorImpl.invoke(DelegatingMethodAccessorImpl.java:43)
	at java.lang.reflect.Method.invoke(Method.java:497)
	at org.gradle.messaging.dispatch.ReflectionDispatch.dispatch(ReflectionDispatch.java:35)
	at org.gradle.messaging.dispatch.ReflectionDispatch.dispatch(ReflectionDispatch.java:24)
	at org.gradle.messaging.remote.internal.hub.MessageHub$Handler.run(MessageHub.java:355)
	at org.gradle.internal.concurrent.DefaultExecutorFactory$StoppableExecutorImpl$1.run(DefaultExecutorFactory.java:66)
	at java.util.concurrent.ThreadPoolExecutor.runWorker(ThreadPoolExecutor.java:1142)
	at java.util.concurrent.ThreadPoolExecutor$Worker.run(ThreadPoolExecutor.java:617)
	at java.lang.Thread.run(Thread.java:745)
				[2015/10/06 11:26:07:469]  Error com.neuronrobotics.sdk.common.BowlerAbstractConnection:sendSynchronusly :
Can not send message because the engine is not connected.
				[2015/10/06 11:26:07:470]  Error com.neuronrobotics.sdk.common.BowlerAbstractConnection:send :
Sending Synchronus packet and there was a failure, will retry 4 more times
				[2015/10/06 11:26:07:473]  Error com.neuronrobotics.sdk.common.BowlerAbstractConnection:send :
Re-sending
				[2015/10/06 11:26:07:475]  Error com.neuronrobotics.sdk.common.BowlerAbstractConnection:sendSynchronusly :
Can not send message because the engine is not connected.
				[2015/10/06 11:26:07:478]  Error com.neuronrobotics.sdk.common.BowlerAbstractConnection:send :
Sending Synchronus packet and there was a failure, will retry 3 more times
				[2015/10/06 11:26:07:629]  Error com.neuronrobotics.sdk.common.BowlerAbstractConnection:send :
Re-sending
				[2015/10/06 11:26:07:629]  Error com.neuronrobotics.sdk.common.BowlerAbstractConnection:sendSynchronusly :
Can not send message because the engine is not connected.
				[2015/10/06 11:26:07:629]  Error com.neuronrobotics.sdk.common.BowlerAbstractConnection:send :
Sending Synchronus packet and there was a failure, will retry 2 more times
				[2015/10/06 11:26:07:930]  Error com.neuronrobotics.sdk.common.BowlerAbstractConnection:send :
Re-sending
				[2015/10/06 11:26:07:931]  Error com.neuronrobotics.sdk.common.BowlerAbstractConnection:sendSynchronusly :
Can not send message because the engine is not connected.
				[2015/10/06 11:26:07:931]  Error com.neuronrobotics.sdk.common.BowlerAbstractConnection:send :
Sending Synchronus packet and there was a failure, will retry 1 more times
				[2015/10/06 11:26:08:382]  Error com.neuronrobotics.sdk.common.BowlerAbstractConnection:send :
Re-sending
				[2015/10/06 11:26:08:383]  Error com.neuronrobotics.sdk.common.BowlerAbstractConnection:sendSynchronusly :
Can not send message because the engine is not connected.
				[2015/10/06 11:26:08:383]  Error com.neuronrobotics.sdk.common.BowlerAbstractConnection:send :
Sending Synchronus packet and there was a failure, will retry 0 more times
				[2015/10/06 11:26:08:984]  Error com.neuronrobotics.sdk.common.BowlerAbstractConnection:getNamespaces :
Other exception
java.lang.NullPointerException
	at com.neuronrobotics.sdk.common.BowlerAbstractConnection.getNamespaces(BowlerAbstractConnection.java:724)
	at com.neuronrobotics.sdk.common.BowlerAbstractConnection.send(BowlerAbstractConnection.java:676)
	at com.neuronrobotics.sdk.common.BowlerAbstractDevice.send(BowlerAbstractDevice.java:257)
	at com.neuronrobotics.replicator.driver.BowlerBoardDevice.requestLinkConfiguration(BowlerBoardDevice.java:150)
	at com.neuronrobotics.sdk.addons.kinematics.LinkFactory.<init>(LinkFactory.java:36)
	at com.neuronrobotics.sdk.addons.kinematics.CartesianNamespacePidKinematics.<init>(CartesianNamespacePidKinematics.java:15)
	at com.neuronrobotics.replicator.driver.NRPrinter.<init>(NRPrinter.java:33)
	at junit.test.neuronrobotics.cartesian.CartesianTestSuit.test(CartesianTestSuit.java:32)
	at sun.reflect.NativeMethodAccessorImpl.invoke0(Native Method)
	at sun.reflect.NativeMethodAccessorImpl.invoke(NativeMethodAccessorImpl.java:62)
	at sun.reflect.DelegatingMethodAccessorImpl.invoke(DelegatingMethodAccessorImpl.java:43)
	at java.lang.reflect.Method.invoke(Method.java:497)
	at org.junit.runners.model.FrameworkMethod$1.runReflectiveCall(FrameworkMethod.java:47)
	at org.junit.internal.runners.model.ReflectiveCallable.run(ReflectiveCallable.java:12)
	at org.junit.runners.model.FrameworkMethod.invokeExplosively(FrameworkMethod.java:44)
	at org.junit.internal.runners.statements.InvokeMethod.evaluate(InvokeMethod.java:17)
	at org.junit.runners.ParentRunner.runLeaf(ParentRunner.java:271)
	at org.junit.runners.BlockJUnit4ClassRunner.runChild(BlockJUnit4ClassRunner.java:70)
	at org.junit.runners.BlockJUnit4ClassRunner.runChild(BlockJUnit4ClassRunner.java:50)
	at org.junit.runners.ParentRunner$3.run(ParentRunner.java:238)
	at org.junit.runners.ParentRunner$1.schedule(ParentRunner.java:63)
	at org.junit.runners.ParentRunner.runChildren(ParentRunner.java:236)
	at org.junit.runners.ParentRunner.access$000(ParentRunner.java:53)
	at org.junit.runners.ParentRunner$2.evaluate(ParentRunner.java:229)
	at org.junit.runners.ParentRunner.run(ParentRunner.java:309)
	at org.gradle.api.internal.tasks.testing.junit.JUnitTestClassExecuter.runTestClass(JUnitTestClassExecuter.java:55)
	at org.gradle.api.internal.tasks.testing.junit.JUnitTestClassExecuter.execute(JUnitTestClassExecuter.java:42)
	at org.gradle.api.internal.tasks.testing.junit.JUnitTestClassProcessor.processTestClass(JUnitTestClassProcessor.java:71)
	at org.gradle.api.internal.tasks.testing.SuiteTestClassProcessor.processTestClass(SuiteTestClassProcessor.java:49)
	at sun.reflect.NativeMethodAccessorImpl.invoke0(Native Method)
	at sun.reflect.NativeMethodAccessorImpl.invoke(NativeMethodAccessorImpl.java:62)
	at sun.reflect.DelegatingMethodAccessorImpl.invoke(DelegatingMethodAccessorImpl.java:43)
	at java.lang.reflect.Method.invoke(Method.java:497)
	at org.gradle.messaging.dispatch.ReflectionDispatch.dispatch(ReflectionDispatch.java:35)
	at org.gradle.messaging.dispatch.ReflectionDispatch.dispatch(ReflectionDispatch.java:24)
	at org.gradle.messaging.dispatch.ContextClassLoaderDispatch.dispatch(ContextClassLoaderDispatch.java:32)
	at org.gradle.messaging.dispatch.ProxyDispatchAdapter$DispatchingInvocationHandler.invoke(ProxyDispatchAdapter.java:93)
	at com.sun.proxy.$Proxy2.processTestClass(Unknown Source)
	at org.gradle.api.internal.tasks.testing.worker.TestWorker.processTestClass(TestWorker.java:103)
	at sun.reflect.NativeMethodAccessorImpl.invoke0(Native Method)
	at sun.reflect.NativeMethodAccessorImpl.invoke(NativeMethodAccessorImpl.java:62)
	at sun.reflect.DelegatingMethodAccessorImpl.invoke(DelegatingMethodAccessorImpl.java:43)
	at java.lang.reflect.Method.invoke(Method.java:497)
	at org.gradle.messaging.dispatch.ReflectionDispatch.dispatch(ReflectionDispatch.java:35)
	at org.gradle.messaging.dispatch.ReflectionDispatch.dispatch(ReflectionDispatch.java:24)
	at org.gradle.messaging.remote.internal.hub.MessageHub$Handler.run(MessageHub.java:355)
	at org.gradle.internal.concurrent.DefaultExecutorFactory$StoppableExecutorImpl$1.run(DefaultExecutorFactory.java:66)
	at java.util.concurrent.ThreadPoolExecutor.runWorker(ThreadPoolExecutor.java:1142)
	at java.util.concurrent.ThreadPoolExecutor$Worker.run(ThreadPoolExecutor.java:617)
	at java.lang.Thread.run(Thread.java:745)
				[2015/10/06 11:26:08:994]  Error com.neuronrobotics.sdk.common.BowlerAbstractConnection:sendSynchronusly :
Can not send message because the engine is not connected.
				[2015/10/06 11:26:08:995]  Error com.neuronrobotics.sdk.common.BowlerAbstractConnection:send :
Sending Synchronus packet and there was a failure, will retry 4 more times
				[2015/10/06 11:26:08:998]  Error com.neuronrobotics.sdk.common.BowlerAbstractConnection:send :
Re-sending
				[2015/10/06 11:26:08:999]  Error com.neuronrobotics.sdk.common.BowlerAbstractConnection:sendSynchronusly :
Can not send message because the engine is not connected.
				[2015/10/06 11:26:09:00]  Error com.neuronrobotics.sdk.common.BowlerAbstractConnection:send :
Sending Synchronus packet and there was a failure, will retry 3 more times
				[2015/10/06 11:26:09:150]  Error com.neuronrobotics.sdk.common.BowlerAbstractConnection:send :
Re-sending
				[2015/10/06 11:26:09:151]  Error com.neuronrobotics.sdk.common.BowlerAbstractConnection:sendSynchronusly :
Can not send message because the engine is not connected.
				[2015/10/06 11:26:09:152]  Error com.neuronrobotics.sdk.common.BowlerAbstractConnection:send :
Sending Synchronus packet and there was a failure, will retry 2 more times
				[2015/10/06 11:26:09:453]  Error com.neuronrobotics.sdk.common.BowlerAbstractConnection:send :
Re-sending
				[2015/10/06 11:26:09:453]  Error com.neuronrobotics.sdk.common.BowlerAbstractConnection:sendSynchronusly :
Can not send message because the engine is not connected.
				[2015/10/06 11:26:09:454]  Error com.neuronrobotics.sdk.common.BowlerAbstractConnection:send :
Sending Synchronus packet and there was a failure, will retry 1 more times
				[2015/10/06 11:26:09:906]  Error com.neuronrobotics.sdk.common.BowlerAbstractConnection:send :
Re-sending
				[2015/10/06 11:26:09:907]  Error com.neuronrobotics.sdk.common.BowlerAbstractConnection:sendSynchronusly :
Can not send message because the engine is not connected.
				[2015/10/06 11:26:09:908]  Error com.neuronrobotics.sdk.common.BowlerAbstractConnection:send :
Sending Synchronus packet and there was a failure, will retry 0 more times
				[2015/10/06 11:26:10:509]  Error com.neuronrobotics.sdk.common.BowlerAbstractConnection:getNamespaces :
Other exception
java.lang.NullPointerException
	at com.neuronrobotics.sdk.common.BowlerAbstractConnection.getNamespaces(BowlerAbstractConnection.java:724)
	at com.neuronrobotics.sdk.common.BowlerAbstractConnection.send(BowlerAbstractConnection.java:676)
	at com.neuronrobotics.sdk.common.BowlerAbstractDevice.send(BowlerAbstractDevice.java:257)
	at com.neuronrobotics.replicator.driver.BowlerBoardDevice.requestLinkConfiguration(BowlerBoardDevice.java:150)
	at com.neuronrobotics.sdk.addons.kinematics.LinkFactory.<init>(LinkFactory.java:36)
	at com.neuronrobotics.sdk.addons.kinematics.CartesianNamespacePidKinematics.<init>(CartesianNamespacePidKinematics.java:15)
	at com.neuronrobotics.replicator.driver.NRPrinter.<init>(NRPrinter.java:33)
	at junit.test.neuronrobotics.cartesian.CartesianTestSuit.test(CartesianTestSuit.java:32)
	at sun.reflect.NativeMethodAccessorImpl.invoke0(Native Method)
	at sun.reflect.NativeMethodAccessorImpl.invoke(NativeMethodAccessorImpl.java:62)
	at sun.reflect.DelegatingMethodAccessorImpl.invoke(DelegatingMethodAccessorImpl.java:43)
	at java.lang.reflect.Method.invoke(Method.java:497)
	at org.junit.runners.model.FrameworkMethod$1.runReflectiveCall(FrameworkMethod.java:47)
	at org.junit.internal.runners.model.ReflectiveCallable.run(ReflectiveCallable.java:12)
	at org.junit.runners.model.FrameworkMethod.invokeExplosively(FrameworkMethod.java:44)
	at org.junit.internal.runners.statements.InvokeMethod.evaluate(InvokeMethod.java:17)
	at org.junit.runners.ParentRunner.runLeaf(ParentRunner.java:271)
	at org.junit.runners.BlockJUnit4ClassRunner.runChild(BlockJUnit4ClassRunner.java:70)
	at org.junit.runners.BlockJUnit4ClassRunner.runChild(BlockJUnit4ClassRunner.java:50)
	at org.junit.runners.ParentRunner$3.run(ParentRunner.java:238)
	at org.junit.runners.ParentRunner$1.schedule(ParentRunner.java:63)
	at org.junit.runners.ParentRunner.runChildren(ParentRunner.java:236)
	at org.junit.runners.ParentRunner.access$000(ParentRunner.java:53)
	at org.junit.runners.ParentRunner$2.evaluate(ParentRunner.java:229)
	at org.junit.runners.ParentRunner.run(ParentRunner.java:309)
	at org.gradle.api.internal.tasks.testing.junit.JUnitTestClassExecuter.runTestClass(JUnitTestClassExecuter.java:55)
	at org.gradle.api.internal.tasks.testing.junit.JUnitTestClassExecuter.execute(JUnitTestClassExecuter.java:42)
	at org.gradle.api.internal.tasks.testing.junit.JUnitTestClassProcessor.processTestClass(JUnitTestClassProcessor.java:71)
	at org.gradle.api.internal.tasks.testing.SuiteTestClassProcessor.processTestClass(SuiteTestClassProcessor.java:49)
	at sun.reflect.NativeMethodAccessorImpl.invoke0(Native Method)
	at sun.reflect.NativeMethodAccessorImpl.invoke(NativeMethodAccessorImpl.java:62)
	at sun.reflect.DelegatingMethodAccessorImpl.invoke(DelegatingMethodAccessorImpl.java:43)
	at java.lang.reflect.Method.invoke(Method.java:497)
	at org.gradle.messaging.dispatch.ReflectionDispatch.dispatch(ReflectionDispatch.java:35)
	at org.gradle.messaging.dispatch.ReflectionDispatch.dispatch(ReflectionDispatch.java:24)
	at org.gradle.messaging.dispatch.ContextClassLoaderDispatch.dispatch(ContextClassLoaderDispatch.java:32)
	at org.gradle.messaging.dispatch.ProxyDispatchAdapter$DispatchingInvocationHandler.invoke(ProxyDispatchAdapter.java:93)
	at com.sun.proxy.$Proxy2.processTestClass(Unknown Source)
	at org.gradle.api.internal.tasks.testing.worker.TestWorker.processTestClass(TestWorker.java:103)
	at sun.reflect.NativeMethodAccessorImpl.invoke0(Native Method)
	at sun.reflect.NativeMethodAccessorImpl.invoke(NativeMethodAccessorImpl.java:62)
	at sun.reflect.DelegatingMethodAccessorImpl.invoke(DelegatingMethodAccessorImpl.java:43)
	at java.lang.reflect.Method.invoke(Method.java:497)
	at org.gradle.messaging.dispatch.ReflectionDispatch.dispatch(ReflectionDispatch.java:35)
	at org.gradle.messaging.dispatch.ReflectionDispatch.dispatch(ReflectionDispatch.java:24)
	at org.gradle.messaging.remote.internal.hub.MessageHub$Handler.run(MessageHub.java:355)
	at org.gradle.internal.concurrent.DefaultExecutorFactory$StoppableExecutorImpl$1.run(DefaultExecutorFactory.java:66)
	at java.util.concurrent.ThreadPoolExecutor.runWorker(ThreadPoolExecutor.java:1142)
	at java.util.concurrent.ThreadPoolExecutor$Worker.run(ThreadPoolExecutor.java:617)
	at java.lang.Thread.run(Thread.java:745)
				[2015/10/06 11:26:10:519]  Error com.neuronrobotics.sdk.common.BowlerAbstractConnection:sendSynchronusly :
Can not send message because the engine is not connected.
				[2015/10/06 11:26:10:521]  Error com.neuronrobotics.sdk.common.BowlerAbstractConnection:send :
Sending Synchronus packet and there was a failure, will retry 4 more times
				[2015/10/06 11:26:10:526]  Error com.neuronrobotics.sdk.common.BowlerAbstractConnection:send :
Re-sending
				[2015/10/06 11:26:10:527]  Error com.neuronrobotics.sdk.common.BowlerAbstractConnection:sendSynchronusly :
Can not send message because the engine is not connected.
				[2015/10/06 11:26:10:527]  Error com.neuronrobotics.sdk.common.BowlerAbstractConnection:send :
Sending Synchronus packet and there was a failure, will retry 3 more times
				[2015/10/06 11:26:10:678]  Error com.neuronrobotics.sdk.common.BowlerAbstractConnection:send :
Re-sending
				[2015/10/06 11:26:10:678]  Error com.neuronrobotics.sdk.common.BowlerAbstractConnection:sendSynchronusly :
Can not send message because the engine is not connected.
				[2015/10/06 11:26:10:679]  Error com.neuronrobotics.sdk.common.BowlerAbstractConnection:send :
Sending Synchronus packet and there was a failure, will retry 2 more times
				[2015/10/06 11:26:10:979]  Error com.neuronrobotics.sdk.common.BowlerAbstractConnection:send :
Re-sending
				[2015/10/06 11:26:10:979]  Error com.neuronrobotics.sdk.common.BowlerAbstractConnection:sendSynchronusly :
Can not send message because the engine is not connected.
				[2015/10/06 11:26:10:980]  Error com.neuronrobotics.sdk.common.BowlerAbstractConnection:send :
Sending Synchronus packet and there was a failure, will retry 1 more times
				[2015/10/06 11:26:11:430]  Error com.neuronrobotics.sdk.common.BowlerAbstractConnection:send :
Re-sending
				[2015/10/06 11:26:11:431]  Error com.neuronrobotics.sdk.common.BowlerAbstractConnection:sendSynchronusly :
Can not send message because the engine is not connected.
				[2015/10/06 11:26:11:432]  Error com.neuronrobotics.sdk.common.BowlerAbstractConnection:send :
Sending Synchronus packet and there was a failure, will retry 0 more times
				[2015/10/06 11:26:12:32]  Error com.neuronrobotics.sdk.common.BowlerAbstractConnection:getNamespaces :
Other exception
java.lang.NullPointerException
	at com.neuronrobotics.sdk.common.BowlerAbstractConnection.getNamespaces(BowlerAbstractConnection.java:724)
	at com.neuronrobotics.sdk.common.BowlerAbstractConnection.send(BowlerAbstractConnection.java:676)
	at com.neuronrobotics.sdk.common.BowlerAbstractDevice.send(BowlerAbstractDevice.java:257)
	at com.neuronrobotics.replicator.driver.BowlerBoardDevice.requestLinkConfiguration(BowlerBoardDevice.java:150)
	at com.neuronrobotics.sdk.addons.kinematics.LinkFactory.<init>(LinkFactory.java:36)
	at com.neuronrobotics.sdk.addons.kinematics.CartesianNamespacePidKinematics.<init>(CartesianNamespacePidKinematics.java:15)
	at com.neuronrobotics.replicator.driver.NRPrinter.<init>(NRPrinter.java:33)
	at junit.test.neuronrobotics.cartesian.CartesianTestSuit.test(CartesianTestSuit.java:32)
	at sun.reflect.NativeMethodAccessorImpl.invoke0(Native Method)
	at sun.reflect.NativeMethodAccessorImpl.invoke(NativeMethodAccessorImpl.java:62)
	at sun.reflect.DelegatingMethodAccessorImpl.invoke(DelegatingMethodAccessorImpl.java:43)
	at java.lang.reflect.Method.invoke(Method.java:497)
	at org.junit.runners.model.FrameworkMethod$1.runReflectiveCall(FrameworkMethod.java:47)
	at org.junit.internal.runners.model.ReflectiveCallable.run(ReflectiveCallable.java:12)
	at org.junit.runners.model.FrameworkMethod.invokeExplosively(FrameworkMethod.java:44)
	at org.junit.internal.runners.statements.InvokeMethod.evaluate(InvokeMethod.java:17)
	at org.junit.runners.ParentRunner.runLeaf(ParentRunner.java:271)
	at org.junit.runners.BlockJUnit4ClassRunner.runChild(BlockJUnit4ClassRunner.java:70)
	at org.junit.runners.BlockJUnit4ClassRunner.runChild(BlockJUnit4ClassRunner.java:50)
	at org.junit.runners.ParentRunner$3.run(ParentRunner.java:238)
	at org.junit.runners.ParentRunner$1.schedule(ParentRunner.java:63)
	at org.junit.runners.ParentRunner.runChildren(ParentRunner.java:236)
	at org.junit.runners.ParentRunner.access$000(ParentRunner.java:53)
	at org.junit.runners.ParentRunner$2.evaluate(ParentRunner.java:229)
	at org.junit.runners.ParentRunner.run(ParentRunner.java:309)
	at org.gradle.api.internal.tasks.testing.junit.JUnitTestClassExecuter.runTestClass(JUnitTestClassExecuter.java:55)
	at org.gradle.api.internal.tasks.testing.junit.JUnitTestClassExecuter.execute(JUnitTestClassExecuter.java:42)
	at org.gradle.api.internal.tasks.testing.junit.JUnitTestClassProcessor.processTestClass(JUnitTestClassProcessor.java:71)
	at org.gradle.api.internal.tasks.testing.SuiteTestClassProcessor.processTestClass(SuiteTestClassProcessor.java:49)
	at sun.reflect.NativeMethodAccessorImpl.invoke0(Native Method)
	at sun.reflect.NativeMethodAccessorImpl.invoke(NativeMethodAccessorImpl.java:62)
	at sun.reflect.DelegatingMethodAccessorImpl.invoke(DelegatingMethodAccessorImpl.java:43)
	at java.lang.reflect.Method.invoke(Method.java:497)
	at org.gradle.messaging.dispatch.ReflectionDispatch.dispatch(ReflectionDispatch.java:35)
	at org.gradle.messaging.dispatch.ReflectionDispatch.dispatch(ReflectionDispatch.java:24)
	at org.gradle.messaging.dispatch.ContextClassLoaderDispatch.dispatch(ContextClassLoaderDispatch.java:32)
	at org.gradle.messaging.dispatch.ProxyDispatchAdapter$DispatchingInvocationHandler.invoke(ProxyDispatchAdapter.java:93)
	at com.sun.proxy.$Proxy2.processTestClass(Unknown Source)
	at org.gradle.api.internal.tasks.testing.worker.TestWorker.processTestClass(TestWorker.java:103)
	at sun.reflect.NativeMethodAccessorImpl.invoke0(Native Method)
	at sun.reflect.NativeMethodAccessorImpl.invoke(NativeMethodAccessorImpl.java:62)
	at sun.reflect.DelegatingMethodAccessorImpl.invoke(DelegatingMethodAccessorImpl.java:43)
	at java.lang.reflect.Method.invoke(Method.java:497)
	at org.gradle.messaging.dispatch.ReflectionDispatch.dispatch(ReflectionDispatch.java:35)
	at org.gradle.messaging.dispatch.ReflectionDispatch.dispatch(ReflectionDispatch.java:24)
	at org.gradle.messaging.remote.internal.hub.MessageHub$Handler.run(MessageHub.java:355)
	at org.gradle.internal.concurrent.DefaultExecutorFactory$StoppableExecutorImpl$1.run(DefaultExecutorFactory.java:66)
	at java.util.concurrent.ThreadPoolExecutor.runWorker(ThreadPoolExecutor.java:1142)
	at java.util.concurrent.ThreadPoolExecutor$Worker.run(ThreadPoolExecutor.java:617)
	at java.lang.Thread.run(Thread.java:745)
				[2015/10/06 11:26:12:37]  Error com.neuronrobotics.sdk.common.BowlerAbstractConnection:sendSynchronusly :
Can not send message because the engine is not connected.
				[2015/10/06 11:26:12:38]  Error com.neuronrobotics.sdk.common.BowlerAbstractConnection:send :
Sending Synchronus packet and there was a failure, will retry 4 more times
				[2015/10/06 11:26:12:38]  Error com.neuronrobotics.sdk.common.BowlerAbstractConnection:send :
Re-sending
				[2015/10/06 11:26:12:39]  Error com.neuronrobotics.sdk.common.BowlerAbstractConnection:sendSynchronusly :
Can not send message because the engine is not connected.
				[2015/10/06 11:26:12:40]  Error com.neuronrobotics.sdk.common.BowlerAbstractConnection:send :
Sending Synchronus packet and there was a failure, will retry 3 more times
				[2015/10/06 11:26:12:190]  Error com.neuronrobotics.sdk.common.BowlerAbstractConnection:send :
Re-sending
				[2015/10/06 11:26:12:191]  Error com.neuronrobotics.sdk.common.BowlerAbstractConnection:sendSynchronusly :
Can not send message because the engine is not connected.
				[2015/10/06 11:26:12:191]  Error com.neuronrobotics.sdk.common.BowlerAbstractConnection:send :
Sending Synchronus packet and there was a failure, will retry 2 more times
				[2015/10/06 11:26:12:491]  Error com.neuronrobotics.sdk.common.BowlerAbstractConnection:send :
Re-sending
				[2015/10/06 11:26:12:492]  Error com.neuronrobotics.sdk.common.BowlerAbstractConnection:sendSynchronusly :
Can not send message because the engine is not connected.
				[2015/10/06 11:26:12:492]  Error com.neuronrobotics.sdk.common.BowlerAbstractConnection:send :
Sending Synchronus packet and there was a failure, will retry 1 more times
				[2015/10/06 11:26:12:942]  Error com.neuronrobotics.sdk.common.BowlerAbstractConnection:send :
Re-sending
				[2015/10/06 11:26:12:943]  Error com.neuronrobotics.sdk.common.BowlerAbstractConnection:sendSynchronusly :
Can not send message because the engine is not connected.
				[2015/10/06 11:26:12:944]  Error com.neuronrobotics.sdk.common.BowlerAbstractConnection:send :
Sending Synchronus packet and there was a failure, will retry 0 more times
				[2015/10/06 11:26:13:544]  Error com.neuronrobotics.sdk.common.BowlerAbstractConnection:getNamespaces :
Other exception
java.lang.NullPointerException
	at com.neuronrobotics.sdk.common.BowlerAbstractConnection.getNamespaces(BowlerAbstractConnection.java:724)
	at com.neuronrobotics.sdk.common.BowlerAbstractConnection.send(BowlerAbstractConnection.java:676)
	at com.neuronrobotics.sdk.common.BowlerAbstractDevice.send(BowlerAbstractDevice.java:257)
	at com.neuronrobotics.replicator.driver.BowlerBoardDevice.requestLinkConfiguration(BowlerBoardDevice.java:150)
	at com.neuronrobotics.sdk.addons.kinematics.LinkFactory.<init>(LinkFactory.java:36)
	at com.neuronrobotics.sdk.addons.kinematics.CartesianNamespacePidKinematics.<init>(CartesianNamespacePidKinematics.java:15)
	at com.neuronrobotics.replicator.driver.NRPrinter.<init>(NRPrinter.java:33)
	at junit.test.neuronrobotics.cartesian.CartesianTestSuit.test(CartesianTestSuit.java:32)
	at sun.reflect.NativeMethodAccessorImpl.invoke0(Native Method)
	at sun.reflect.NativeMethodAccessorImpl.invoke(NativeMethodAccessorImpl.java:62)
	at sun.reflect.DelegatingMethodAccessorImpl.invoke(DelegatingMethodAccessorImpl.java:43)
	at java.lang.reflect.Method.invoke(Method.java:497)
	at org.junit.runners.model.FrameworkMethod$1.runReflectiveCall(FrameworkMethod.java:47)
	at org.junit.internal.runners.model.ReflectiveCallable.run(ReflectiveCallable.java:12)
	at org.junit.runners.model.FrameworkMethod.invokeExplosively(FrameworkMethod.java:44)
	at org.junit.internal.runners.statements.InvokeMethod.evaluate(InvokeMethod.java:17)
	at org.junit.runners.ParentRunner.runLeaf(ParentRunner.java:271)
	at org.junit.runners.BlockJUnit4ClassRunner.runChild(BlockJUnit4ClassRunner.java:70)
	at org.junit.runners.BlockJUnit4ClassRunner.runChild(BlockJUnit4ClassRunner.java:50)
	at org.junit.runners.ParentRunner$3.run(ParentRunner.java:238)
	at org.junit.runners.ParentRunner$1.schedule(ParentRunner.java:63)
	at org.junit.runners.ParentRunner.runChildren(ParentRunner.java:236)
	at org.junit.runners.ParentRunner.access$000(ParentRunner.java:53)
	at org.junit.runners.ParentRunner$2.evaluate(ParentRunner.java:229)
	at org.junit.runners.ParentRunner.run(ParentRunner.java:309)
	at org.gradle.api.internal.tasks.testing.junit.JUnitTestClassExecuter.runTestClass(JUnitTestClassExecuter.java:55)
	at org.gradle.api.internal.tasks.testing.junit.JUnitTestClassExecuter.execute(JUnitTestClassExecuter.java:42)
	at org.gradle.api.internal.tasks.testing.junit.JUnitTestClassProcessor.processTestClass(JUnitTestClassProcessor.java:71)
	at org.gradle.api.internal.tasks.testing.SuiteTestClassProcessor.processTestClass(SuiteTestClassProcessor.java:49)
	at sun.reflect.NativeMethodAccessorImpl.invoke0(Native Method)
	at sun.reflect.NativeMethodAccessorImpl.invoke(NativeMethodAccessorImpl.java:62)
	at sun.reflect.DelegatingMethodAccessorImpl.invoke(DelegatingMethodAccessorImpl.java:43)
	at java.lang.reflect.Method.invoke(Method.java:497)
	at org.gradle.messaging.dispatch.ReflectionDispatch.dispatch(ReflectionDispatch.java:35)
	at org.gradle.messaging.dispatch.ReflectionDispatch.dispatch(ReflectionDispatch.java:24)
	at org.gradle.messaging.dispatch.ContextClassLoaderDispatch.dispatch(ContextClassLoaderDispatch.java:32)
	at org.gradle.messaging.dispatch.ProxyDispatchAdapter$DispatchingInvocationHandler.invoke(ProxyDispatchAdapter.java:93)
	at com.sun.proxy.$Proxy2.processTestClass(Unknown Source)
	at org.gradle.api.internal.tasks.testing.worker.TestWorker.processTestClass(TestWorker.java:103)
	at sun.reflect.NativeMethodAccessorImpl.invoke0(Native Method)
	at sun.reflect.NativeMethodAccessorImpl.invoke(NativeMethodAccessorImpl.java:62)
	at sun.reflect.DelegatingMethodAccessorImpl.invoke(DelegatingMethodAccessorImpl.java:43)
	at java.lang.reflect.Method.invoke(Method.java:497)
	at org.gradle.messaging.dispatch.ReflectionDispatch.dispatch(ReflectionDispatch.java:35)
	at org.gradle.messaging.dispatch.ReflectionDispatch.dispatch(ReflectionDispatch.java:24)
	at org.gradle.messaging.remote.internal.hub.MessageHub$Handler.run(MessageHub.java:355)
	at org.gradle.internal.concurrent.DefaultExecutorFactory$StoppableExecutorImpl$1.run(DefaultExecutorFactory.java:66)
	at java.util.concurrent.ThreadPoolExecutor.runWorker(ThreadPoolExecutor.java:1142)
	at java.util.concurrent.ThreadPoolExecutor$Worker.run(ThreadPoolExecutor.java:617)
	at java.lang.Thread.run(Thread.java:745)
]]></system-err>
</testsuite>
